<?xml version="1.0" encoding="UTF-8"?>
<!-- Generated by org.testng.reporters.JUnitReportReporter -->
<testsuite skipped="0" hostname="RamMahi-PC" name="TestCases.HomePage" tests="1" failures="0" timestamp="09 Aug 2021 15:19:56 GMT" time="35.199" errors="0">
  <testcase name="login" time="35.199" classname="TestCases.HomePage"/>
</testsuite> <!-- TestCases.HomePage -->
