<?xml version="1.0" encoding="UTF-8"?>
<!-- Generated by org.testng.reporters.JUnitReportReporter -->
<testsuite skipped="0" hostname="RamMahi-PC" name="TestCases.HomePage" tests="1" failures="0" timestamp="16 Apr 2021 01:46:00 GMT" time="25.098" errors="0">
  <testcase name="login" time="25.098" classname="TestCases.HomePage"/>
</testsuite> <!-- TestCases.HomePage -->
