<?xml version="1.0" encoding="UTF-8"?>
<!-- Generated by org.testng.reporters.JUnitReportReporter -->
<testsuite skipped="0" hostname="RamMahi-PC" name="TestCases.OrderofAnnotation" tests="2" failures="0" timestamp="07 Aug 2021 03:28:26 GMT" time="0.018" errors="0">
  <testcase name="Testclass1" time="0.014" classname="TestCases.OrderofAnnotation"/>
  <testcase name="Testclass2" time="0.004" classname="TestCases.OrderofAnnotation"/>
</testsuite> <!-- TestCases.OrderofAnnotation -->
