<?xml version="1.0" encoding="UTF-8"?>
<!-- Generated by org.testng.reporters.JUnitReportReporter -->
<testsuite skipped="0" hostname="RamMahi-PC" name="TestCases.OrderofAnnotation" tests="2" failures="0" timestamp="20 Jul 2021 01:01:02 GMT" time="0.023" errors="0">
  <testcase name="Testclass1" time="0.010" classname="TestCases.OrderofAnnotation"/>
  <testcase name="Testclass2" time="0.013" classname="TestCases.OrderofAnnotation"/>
</testsuite> <!-- TestCases.OrderofAnnotation -->
